<?xml version="1.0" encoding="UTF-8"?>
<!-- Generated by org.testng.reporters.JUnitReportReporter -->
<testsuite skipped="0" hostname="DESKTOP-F8TIE9C" name="org.cts.B" tests="3" failures="0" timestamp="2020-10-20T09:57:45 PDT" time="0.045" errors="0">
  <testcase name="tc33" time="0.005" classname="org.cts.B"/>
  <system-out/>
  <testcase name="tc11" time="0.030" classname="org.cts.B"/>
  <system-out/>
  <testcase name="tc22" time="0.010" classname="org.cts.B"/>
  <system-out/>
</testsuite> <!-- org.cts.B -->
