<?xml version="1.0" encoding="UTF-8"?>
<!-- Generated by org.testng.reporters.JUnitReportReporter -->
<testsuite skipped="0" hostname="DESKTOP-F8TIE9C" name="org.cts.TestNgAssert" tests="2" failures="0" timestamp="2020-10-15T20:52:52 PDT" time="11.111" errors="0">
  <testcase name="tc1" time="6.605" classname="org.cts.TestNgAssert"/>
  <system-out/>
  <testcase name="tc2" time="4.506" classname="org.cts.TestNgAssert"/>
  <system-out/>
</testsuite> <!-- org.cts.TestNgAssert -->
