<?xml version="1.0" encoding="UTF-8"?>
<!-- Generated by org.testng.reporters.JUnitReportReporter -->
<testsuite skipped="0" hostname="DESKTOP-F8TIE9C" name="org.cts.Exampleclass" tests="1" failures="0" timestamp="2020-10-19T19:21:42 PDT" time="1.107" errors="0">
  <testcase name="tc1" time="1.107" classname="org.cts.Exampleclass"/>
  <system-out/>
</testsuite> <!-- org.cts.Exampleclass -->
