<?xml version="1.0" encoding="UTF-8"?>
<!-- Generated by org.testng.reporters.JUnitReportReporter -->
<testsuite skipped="0" hostname="DESKTOP-F8TIE9C" name="org.cts.Democlass" tests="1" failures="0" timestamp="2020-10-22T22:15:44 PDT" time="84.176" errors="0">
  <testcase name="getIphone" time="84.176" classname="org.cts.Democlass"/>
  <system-out/>
</testsuite> <!-- org.cts.Democlass -->
