<?xml version="1.0" encoding="UTF-8"?>
<!-- Generated by org.testng.reporters.JUnitReportReporter -->
<testsuite skipped="0" hostname="DESKTOP-F8TIE9C" name="org.cts.C" tests="3" failures="0" timestamp="2020-10-20T09:57:45 PDT" time="0.045" errors="0">
  <testcase name="tc222" time="0.003" classname="org.cts.C"/>
  <system-out/>
  <testcase name="tc333" time="0.012" classname="org.cts.C"/>
  <system-out/>
  <testcase name="tc111" time="0.030" classname="org.cts.C"/>
  <system-out/>
</testsuite> <!-- org.cts.C -->
