<?xml version="1.0" encoding="UTF-8"?>
<!-- Generated by org.testng.reporters.JUnitReportReporter -->
<testsuite skipped="0" hostname="DESKTOP-F8TIE9C" name="org.cts.Amazon" tests="1" failures="0" timestamp="2020-10-22T19:57:36 PDT" time="70.452" errors="0">
  <testcase name="getIphone" time="70.452" classname="org.cts.Amazon"/>
  <system-out/>
</testsuite> <!-- org.cts.Amazon -->
