<?xml version="1.0" encoding="UTF-8"?>
<!-- Generated by org.testng.reporters.JUnitReportReporter -->
<testsuite skipped="0" hostname="DESKTOP-F8TIE9C" name="org.cts.DataTestNg" tests="4" failures="0" timestamp="2020-10-19T21:38:48 PDT" time="68.628" errors="0">
  <testcase name="tc1" time="12.268" classname="org.cts.DataTestNg"/>
  <system-out/>
  <testcase name="tc1" time="33.652" classname="org.cts.DataTestNg"/>
  <system-out/>
  <testcase name="tc1" time="10.175" classname="org.cts.DataTestNg"/>
  <system-out/>
  <testcase name="tc1" time="12.533" classname="org.cts.DataTestNg"/>
  <system-out/>
</testsuite> <!-- org.cts.DataTestNg -->
