<?xml version="1.0" encoding="UTF-8"?>
<!-- Generated by org.testng.reporters.JUnitReportReporter -->
<testsuite skipped="0" hostname="DESKTOP-F8TIE9C" name="org.cts.TestNgAdactin" tests="4" failures="0" timestamp="2020-10-15T10:12:03 PDT" time="27.801" errors="0">
  <testcase name="tc1" time="9.499" classname="org.cts.TestNgAdactin"/>
  <system-out/>
  <testcase name="tc2" time="5.978" classname="org.cts.TestNgAdactin"/>
  <system-out/>
  <testcase name="tc4" time="10.783" classname="org.cts.TestNgAdactin"/>
  <system-out/>
  <testcase name="tc3" time="1.541" classname="org.cts.TestNgAdactin"/>
  <system-out/>
</testsuite> <!-- org.cts.TestNgAdactin -->
